<?xml version="1.0" encoding="utf-8"?>
<!DOCTYPE coverage SYSTEM "http://cobertura.sourceforge.net/xml/coverage-04.dtd">
<coverage line-rate="0.8571428571428571" branch-rate="1" lines-covered="6" lines-valid="7" branches-covered="2" branches-valid="2" complexity="3" version="0" timestamp="1638448607">
  <sources>
    <source>D:\</source>
    <source>C:\</source>
  </sources>
  <packages>
    <package name="MVPConf.ProjectOne.Domain" line-rate="1" branch-rate="1" complexity="2">
      <classes>
        <class name="MVPConf.ProjectOne.Domain.PersonService" filename="D:\Apresentacoes\MVP-Conf2021\MVPConf.ProjectOne\src\MVPConf.ProjectOne.Domain\Person.cs" line-rate="1" branch-rate="1" complexity="2">
          <methods>
            <method name="AddPerson" signature="(...)" line-rate="1" branch-rate="1" complexity="2">
              <lines>
                <line number="12" hits="2" branch="false" />
                <line number="13" hits="2" branch="true" condition-coverage="100% (2/2)" />
                <line number="14" hits="1" branch="false" />
                <line number="16" hits="1" branch="false" />
                <line number="17" hits="1" branch="false" />
                <line number="18" hits="2" branch="false" />
              </lines>
            </method>
          </methods>
          <lines>
            <line number="12" hits="2" branch="false" />
            <line number="13" hits="2" branch="true" condition-coverage="100% (2/2)" />
            <line number="14" hits="1" branch="false" />
            <line number="16" hits="1" branch="false" />
            <line number="17" hits="1" branch="false" />
            <line number="18" hits="2" branch="false" />
          </lines>
        </class>
      </classes>
    </package>
    <package name="MVPConf.ProjectOne.Domain.Tests" line-rate="0" branch-rate="1" complexity="1">
      <classes>
        <class name="AutoGeneratedProgram" filename="C:\Users\Felipe\.nuget\packages\microsoft.net.test.sdk\16.11.0\build\netcoreapp2.1\Microsoft.NET.Test.Sdk.Program.cs" line-rate="0" branch-rate="1" complexity="1">
          <methods>
            <method name="Main" signature="(...)" line-rate="0" branch-rate="1" complexity="1">
              <lines>
                <line number="4" hits="0" branch="false" />
              </lines>
            </method>
          </methods>
          <lines>
            <line number="4" hits="0" branch="false" />
          </lines>
        </class>
      </classes>
    </package>
  </packages>
</coverage>