TpTrace Verbose: 0 : 22980, 1, 2021/12/02, 12:36:45.698, 7651932683453, vstest.console.dll, Version: 17.0.0
TpTrace Information: 0 : 22980, 1, 2021/12/02, 12:36:45.707, 7651932757864, vstest.console.dll, FilePatternParser: The given file D:\Apresentacoes\MVP-Conf2021\MVPConf.ProjectOne\src\MVPConf.ProjectOne.Domain.Tests\bin\Debug\net6.0\fine-code-coverage\build-output\MVPConf.ProjectOne.Domain.Tests.dll is a full path.
TpTrace Verbose: 0 : 22980, 1, 2021/12/02, 12:36:45.711, 7651932798131, vstest.console.dll, TestPluginCache.DiscoverTestExtensions: finding test extensions in assemblies ends with: RuntimeProvider.dll TPluginInfo: Microsoft.VisualStudio.TestPlatform.Common.ExtensionFramework.Utilities.TestRuntimePluginInformation TExtension: Microsoft.VisualStudio.TestPlatform.ObjectModel.Host.ITestRuntimeProvider
TpTrace Verbose: 0 : 22980, 1, 2021/12/02, 12:36:45.712, 7651932804248, vstest.console.dll, TestPluginCache.GetExtensionPaths: Filtered extension paths: 
TpTrace Verbose: 0 : 22980, 1, 2021/12/02, 12:36:45.712, 7651932805101, vstest.console.dll, TestPluginCache.GetExtensionPaths: Added default extension paths: C:\Program Files\dotnet\sdk\6.0.100\Extensions\Microsoft.Diagnostics.NETCore.Client.dll
C:\Program Files\dotnet\sdk\6.0.100\Extensions\Microsoft.TestPlatform.Extensions.BlameDataCollector.dll
C:\Program Files\dotnet\sdk\6.0.100\Extensions\Microsoft.TestPlatform.Extensions.EventLogCollector.dll
C:\Program Files\dotnet\sdk\6.0.100\Extensions\Microsoft.TestPlatform.TestHostRuntimeProvider.dll
C:\Program Files\dotnet\sdk\6.0.100\Extensions\Microsoft.VisualStudio.TestPlatform.Extensions.Html.TestLogger.dll
C:\Program Files\dotnet\sdk\6.0.100\Extensions\Microsoft.VisualStudio.TestPlatform.Extensions.Trx.TestLogger.dll
TpTrace Verbose: 0 : 22980, 1, 2021/12/02, 12:36:45.712, 7651932805466, vstest.console.dll, TestPluginCache.GetExtensionPaths: Added unfilterableExtensionPaths: 
TpTrace Information: 0 : 22980, 1, 2021/12/02, 12:36:45.712, 7651932812450, vstest.console.dll, AssemblyResolver.ctor: Creating AssemblyResolver with searchDirectories C:\Program Files\dotnet\sdk\6.0.100\Extensions,C:\Program Files\dotnet\sdk\6.0.100
TpTrace Verbose: 0 : 22980, 1, 2021/12/02, 12:36:45.713, 7651932818449, vstest.console.dll, TestPluginCache.DiscoverTestExtensions: Discovering the extensions using extension path.
TpTrace Verbose: 0 : 22980, 1, 2021/12/02, 12:36:45.713, 7651932819394, vstest.console.dll, TestPluginCache.GetExtensionPaths: Filtered extension paths: 
TpTrace Verbose: 0 : 22980, 1, 2021/12/02, 12:36:45.713, 7651932819759, vstest.console.dll, TestPluginCache.GetExtensionPaths: Added default extension paths: C:\Program Files\dotnet\sdk\6.0.100\Extensions\Microsoft.Diagnostics.NETCore.Client.dll
C:\Program Files\dotnet\sdk\6.0.100\Extensions\Microsoft.TestPlatform.Extensions.BlameDataCollector.dll
C:\Program Files\dotnet\sdk\6.0.100\Extensions\Microsoft.TestPlatform.Extensions.EventLogCollector.dll
C:\Program Files\dotnet\sdk\6.0.100\Extensions\Microsoft.TestPlatform.TestHostRuntimeProvider.dll
C:\Program Files\dotnet\sdk\6.0.100\Extensions\Microsoft.VisualStudio.TestPlatform.Extensions.Html.TestLogger.dll
C:\Program Files\dotnet\sdk\6.0.100\Extensions\Microsoft.VisualStudio.TestPlatform.Extensions.Trx.TestLogger.dll
TpTrace Verbose: 0 : 22980, 1, 2021/12/02, 12:36:45.713, 7651932820100, vstest.console.dll, TestPluginCache.GetExtensionPaths: Added unfilterableExtensionPaths: 
TpTrace Verbose: 0 : 22980, 1, 2021/12/02, 12:36:45.713, 7651932820619, vstest.console.dll, TestPluginCache.DiscoverTestExtensions: Discovering the extensions using allExtensionPaths: C:\Program Files\dotnet\sdk\6.0.100\Extensions\Microsoft.Diagnostics.NETCore.Client.dll
C:\Program Files\dotnet\sdk\6.0.100\Extensions\Microsoft.TestPlatform.Extensions.BlameDataCollector.dll
C:\Program Files\dotnet\sdk\6.0.100\Extensions\Microsoft.TestPlatform.Extensions.EventLogCollector.dll
C:\Program Files\dotnet\sdk\6.0.100\Extensions\Microsoft.TestPlatform.TestHostRuntimeProvider.dll
C:\Program Files\dotnet\sdk\6.0.100\Extensions\Microsoft.VisualStudio.TestPlatform.Extensions.Html.TestLogger.dll
C:\Program Files\dotnet\sdk\6.0.100\Extensions\Microsoft.VisualStudio.TestPlatform.Extensions.Trx.TestLogger.dll
TpTrace Information: 0 : 22980, 1, 2021/12/02, 12:36:45.713, 7651932821833, vstest.console.dll, AssemblyResolver.AddSearchDirectories: Adding more searchDirectories C:\Program Files\dotnet\sdk\6.0.100\Extensions,C:\Program Files\dotnet\sdk\6.0.100
TpTrace Information: 0 : 22980, 1, 2021/12/02, 12:36:45.713, 7651932822344, vstest.console.dll, AssemblyResolver.AddSearchDirectories: Adding more searchDirectories C:\Program Files\dotnet\sdk\6.0.100\Extensions,C:\Program Files\dotnet\sdk\6.0.100
TpTrace Information: 0 : 22980, 1, 2021/12/02, 12:36:45.713, 7651932822652, vstest.console.dll, AssemblyResolver.AddSearchDirectories: Adding more searchDirectories C:\Program Files\dotnet\sdk\6.0.100\Extensions,C:\Program Files\dotnet\sdk\6.0.100
TpTrace Information: 0 : 22980, 1, 2021/12/02, 12:36:45.713, 7651932822971, vstest.console.dll, AssemblyResolver.AddSearchDirectories: Adding more searchDirectories C:\Program Files\dotnet\sdk\6.0.100\Extensions,C:\Program Files\dotnet\sdk\6.0.100
TpTrace Information: 0 : 22980, 1, 2021/12/02, 12:36:45.713, 7651932823240, vstest.console.dll, AssemblyResolver.AddSearchDirectories: Adding more searchDirectories C:\Program Files\dotnet\sdk\6.0.100\Extensions,C:\Program Files\dotnet\sdk\6.0.100
TpTrace Information: 0 : 22980, 1, 2021/12/02, 12:36:45.714, 7651932823520, vstest.console.dll, AssemblyResolver.AddSearchDirectories: Adding more searchDirectories C:\Program Files\dotnet\sdk\6.0.100\Extensions,C:\Program Files\dotnet\sdk\6.0.100
TpTrace Information: 0 : 22980, 1, 2021/12/02, 12:36:45.714, 7651932826239, vstest.console.dll, AssemblyResolver.OnResolve: Microsoft.Diagnostics.NETCore.Client: Resolving assembly.
TpTrace Information: 0 : 22980, 1, 2021/12/02, 12:36:45.714, 7651932826813, vstest.console.dll, AssemblyResolver.OnResolve: Microsoft.Diagnostics.NETCore.Client: Searching in: 'C:\Program Files\dotnet\sdk\6.0.100\Extensions'.
TpTrace Information: 0 : 22980, 1, 2021/12/02, 12:36:45.714, 7651932831277, vstest.console.dll, AssemblyResolver.OnResolve: Microsoft.Diagnostics.NETCore.Client: Loading assembly 'C:\Program Files\dotnet\sdk\6.0.100\Extensions\Microsoft.Diagnostics.NETCore.Client.dll'.
TpTrace Information: 0 : 22980, 1, 2021/12/02, 12:36:45.715, 7651932835788, vstest.console.dll, AssemblyResolver.OnResolve: Resolved assembly: Microsoft.Diagnostics.NETCore.Client, from path: C:\Program Files\dotnet\sdk\6.0.100\Extensions\Microsoft.Diagnostics.NETCore.Client.dll
TpTrace Information: 0 : 22980, 1, 2021/12/02, 12:36:45.719, 7651932880087, vstest.console.dll, AssemblyResolver.OnResolve: Microsoft.Bcl.AsyncInterfaces: Resolving assembly.
TpTrace Information: 0 : 22980, 1, 2021/12/02, 12:36:45.719, 7651932880893, vstest.console.dll, AssemblyResolver.OnResolve: Microsoft.Bcl.AsyncInterfaces: Searching in: 'C:\Program Files\dotnet\sdk\6.0.100\Extensions'.
TpTrace Information: 0 : 22980, 1, 2021/12/02, 12:36:45.719, 7651932881534, vstest.console.dll, AssemblyResolver.OnResolve: Microsoft.Bcl.AsyncInterfaces: Assembly path does not exist: 'C:\Program Files\dotnet\sdk\6.0.100\Extensions\Microsoft.Bcl.AsyncInterfaces.dll', returning.
TpTrace Information: 0 : 22980, 1, 2021/12/02, 12:36:45.719, 7651932882063, vstest.console.dll, AssemblyResolver.OnResolve: Microsoft.Bcl.AsyncInterfaces: Assembly path does not exist: 'C:\Program Files\dotnet\sdk\6.0.100\Extensions\Microsoft.Bcl.AsyncInterfaces.exe', returning.
TpTrace Information: 0 : 22980, 1, 2021/12/02, 12:36:45.719, 7651932882348, vstest.console.dll, AssemblyResolver.OnResolve: Microsoft.Bcl.AsyncInterfaces: Searching in: 'C:\Program Files\dotnet\sdk\6.0.100'.
TpTrace Information: 0 : 22980, 1, 2021/12/02, 12:36:45.719, 7651932882906, vstest.console.dll, AssemblyResolver.OnResolve: Microsoft.Bcl.AsyncInterfaces: Assembly path does not exist: 'C:\Program Files\dotnet\sdk\6.0.100\Microsoft.Bcl.AsyncInterfaces.dll', returning.
TpTrace Information: 0 : 22980, 1, 2021/12/02, 12:36:45.720, 7651932883385, vstest.console.dll, AssemblyResolver.OnResolve: Microsoft.Bcl.AsyncInterfaces: Assembly path does not exist: 'C:\Program Files\dotnet\sdk\6.0.100\Microsoft.Bcl.AsyncInterfaces.exe', returning.
TpTrace Information: 0 : 22980, 1, 2021/12/02, 12:36:45.720, 7651932884006, vstest.console.dll, AssemblyResolver.OnResolve: Microsoft.Bcl.AsyncInterfaces: Failed to load assembly.
TpTrace Verbose: 0 : 22980, 1, 2021/12/02, 12:36:45.720, 7651932884399, vstest.console.dll, CurrentDomainAssemblyResolve: Resolving assembly 'Microsoft.Bcl.AsyncInterfaces'.
TpTrace Information: 0 : 22980, 1, 2021/12/02, 12:36:45.720, 7651932884964, vstest.console.dll, AssemblyResolver.OnResolve: Microsoft.Bcl.AsyncInterfaces: Resolving assembly.
TpTrace Information: 0 : 22980, 1, 2021/12/02, 12:36:45.720, 7651932885315, vstest.console.dll, AssemblyResolver.OnResolve: Microsoft.Bcl.AsyncInterfaces: Resolved from cache.
TpTrace Verbose: 0 : 22980, 1, 2021/12/02, 12:36:45.720, 7651932885600, vstest.console.dll, CurrentDomainAssemblyResolve: Resolving assembly 'Microsoft.Bcl.AsyncInterfaces'.
TpTrace Verbose: 0 : 22980, 1, 2021/12/02, 12:36:45.720, 7651932885929, vstest.console.dll, CurrentDomainAssemblyResolve: Failed to resolve assembly 'Microsoft.Bcl.AsyncInterfaces'.
TpTrace Verbose: 0 : 22980, 1, 2021/12/02, 12:36:45.721, 7651932896323, vstest.console.dll, CurrentDomainAssemblyResolve: Failed to resolve assembly 'Microsoft.Bcl.AsyncInterfaces'.
TpTrace Warning: 0 : 22980, 1, 2021/12/02, 12:36:45.732, 7651933007029, vstest.console.dll, TestPluginDiscoverer: Failed to get types from assembly 'Microsoft.Diagnostics.NETCore.Client, Version=0.2.4.21401, Culture=neutral, PublicKeyToken=31bf3856ad364e35'.  Skipping test extension scan for this assembly.  Error: System.Reflection.ReflectionTypeLoadException: Unable to load one or more of the requested types.
Could not load file or assembly 'Microsoft.Bcl.AsyncInterfaces, Version=1.0.0.0, Culture=neutral, PublicKeyToken=cc7b13ffcd2ddd51'. The system cannot find the file specified.
   at System.Reflection.RuntimeModule.GetTypes(RuntimeModule module)
   at System.Reflection.Assembly.GetTypes()
   at Microsoft.VisualStudio.TestPlatform.Common.ExtensionFramework.TestPluginDiscoverer.GetTestExtensionsFromAssembly[TPluginInfo,TExtension](Assembly assembly, Dictionary`2 pluginInfos)
System.IO.FileNotFoundException: Could not load file or assembly 'Microsoft.Bcl.AsyncInterfaces, Version=1.0.0.0, Culture=neutral, PublicKeyToken=cc7b13ffcd2ddd51'. The system cannot find the file specified.
File name: 'Microsoft.Bcl.AsyncInterfaces, Version=1.0.0.0, Culture=neutral, PublicKeyToken=cc7b13ffcd2ddd51'
 ---> System.IO.FileNotFoundException: Could not load file or assembly 'Microsoft.Bcl.AsyncInterfaces, Culture=neutral, PublicKeyToken=null'. The system cannot find the file specified.
File name: 'Microsoft.Bcl.AsyncInterfaces, Culture=neutral, PublicKeyToken=null'
   at System.Reflection.RuntimeAssembly.InternalLoad(ObjectHandleOnStack assemblyName, ObjectHandleOnStack requestingAssembly, StackCrawlMarkHandle stackMark, Boolean throwOnFileNotFound, ObjectHandleOnStack assemblyLoadContext, ObjectHandleOnStack retAssembly)
   at System.Reflection.RuntimeAssembly.InternalLoad(AssemblyName assemblyName, RuntimeAssembly requestingAssembly, StackCrawlMark& stackMark, Boolean throwOnFileNotFound, AssemblyLoadContext assemblyLoadContext)
   at System.Reflection.Assembly.Load(AssemblyName assemblyRef)
   at Microsoft.VisualStudio.TestPlatform.Common.ExtensionFramework.TestPluginCache.CurrentDomainAssemblyResolve(Object sender, AssemblyResolveEventArgs args)
   at Microsoft.VisualStudio.TestPlatform.PlatformAbstractions.PlatformAssemblyResolver.AssemblyResolverEvent(Object sender, Object eventArgs)
   at System.Runtime.Loader.AssemblyLoadContext.GetFirstResolvedAssemblyFromResolvingEvent(AssemblyName assemblyName)
   at System.Runtime.Loader.AssemblyLoadContext.ResolveUsingEvent(AssemblyName assemblyName)
   at System.Runtime.Loader.AssemblyLoadContext.ResolveUsingResolvingEvent(IntPtr gchManagedAssemblyLoadContext, AssemblyName assemblyName)
TpTrace Warning: 0 : 22980, 1, 2021/12/02, 12:36:45.732, 7651933008812, vstest.console.dll, LoaderExceptions: System.IO.FileNotFoundException: Could not load file or assembly 'Microsoft.Bcl.AsyncInterfaces, Version=1.0.0.0, Culture=neutral, PublicKeyToken=cc7b13ffcd2ddd51'. The system cannot find the file specified.
File name: 'Microsoft.Bcl.AsyncInterfaces, Version=1.0.0.0, Culture=neutral, PublicKeyToken=cc7b13ffcd2ddd51'
 ---> System.IO.FileNotFoundException: Could not load file or assembly 'Microsoft.Bcl.AsyncInterfaces, Culture=neutral, PublicKeyToken=null'. The system cannot find the file specified.
File name: 'Microsoft.Bcl.AsyncInterfaces, Culture=neutral, PublicKeyToken=null'
   at System.Reflection.RuntimeAssembly.InternalLoad(ObjectHandleOnStack assemblyName, ObjectHandleOnStack requestingAssembly, StackCrawlMarkHandle stackMark, Boolean throwOnFileNotFound, ObjectHandleOnStack assemblyLoadContext, ObjectHandleOnStack retAssembly)
   at System.Reflection.RuntimeAssembly.InternalLoad(AssemblyName assemblyName, RuntimeAssembly requestingAssembly, StackCrawlMark& stackMark, Boolean throwOnFileNotFound, AssemblyLoadContext assemblyLoadContext)
   at System.Reflection.Assembly.Load(AssemblyName assemblyRef)
   at Microsoft.VisualStudio.TestPlatform.Common.ExtensionFramework.TestPluginCache.CurrentDomainAssemblyResolve(Object sender, AssemblyResolveEventArgs args)
   at Microsoft.VisualStudio.TestPlatform.PlatformAbstractions.PlatformAssemblyResolver.AssemblyResolverEvent(Object sender, Object eventArgs)
   at System.Runtime.Loader.AssemblyLoadContext.GetFirstResolvedAssemblyFromResolvingEvent(AssemblyName assemblyName)
   at System.Runtime.Loader.AssemblyLoadContext.ResolveUsingEvent(AssemblyName assemblyName)
   at System.Runtime.Loader.AssemblyLoadContext.ResolveUsingResolvingEvent(IntPtr gchManagedAssemblyLoadContext, AssemblyName assemblyName)
TpTrace Information: 0 : 22980, 1, 2021/12/02, 12:36:45.732, 7651933009678, vstest.console.dll, AssemblyResolver.OnResolve: Microsoft.TestPlatform.Extensions.BlameDataCollector: Resolving assembly.
TpTrace Information: 0 : 22980, 1, 2021/12/02, 12:36:45.732, 7651933010037, vstest.console.dll, AssemblyResolver.OnResolve: Microsoft.TestPlatform.Extensions.BlameDataCollector: Searching in: 'C:\Program Files\dotnet\sdk\6.0.100\Extensions'.
TpTrace Information: 0 : 22980, 1, 2021/12/02, 12:36:45.733, 7651933013635, vstest.console.dll, AssemblyResolver.OnResolve: Microsoft.TestPlatform.Extensions.BlameDataCollector: Loading assembly 'C:\Program Files\dotnet\sdk\6.0.100\Extensions\Microsoft.TestPlatform.Extensions.BlameDataCollector.dll'.
TpTrace Information: 0 : 22980, 1, 2021/12/02, 12:36:45.733, 7651933018780, vstest.console.dll, AssemblyResolver.OnResolve: Resolved assembly: Microsoft.TestPlatform.Extensions.BlameDataCollector, from path: C:\Program Files\dotnet\sdk\6.0.100\Extensions\Microsoft.TestPlatform.Extensions.BlameDataCollector.dll
TpTrace Information: 0 : 22980, 1, 2021/12/02, 12:36:45.734, 7651933024008, vstest.console.dll, AssemblyResolver.OnResolve: Microsoft.TestPlatform.Extensions.EventLogCollector: Resolving assembly.
TpTrace Information: 0 : 22980, 1, 2021/12/02, 12:36:45.734, 7651933024543, vstest.console.dll, AssemblyResolver.OnResolve: Microsoft.TestPlatform.Extensions.EventLogCollector: Searching in: 'C:\Program Files\dotnet\sdk\6.0.100\Extensions'.
TpTrace Information: 0 : 22980, 1, 2021/12/02, 12:36:45.734, 7651933028529, vstest.console.dll, AssemblyResolver.OnResolve: Microsoft.TestPlatform.Extensions.EventLogCollector: Loading assembly 'C:\Program Files\dotnet\sdk\6.0.100\Extensions\Microsoft.TestPlatform.Extensions.EventLogCollector.dll'.
TpTrace Information: 0 : 22980, 1, 2021/12/02, 12:36:45.735, 7651933034383, vstest.console.dll, AssemblyResolver.OnResolve: Resolved assembly: Microsoft.TestPlatform.Extensions.EventLogCollector, from path: C:\Program Files\dotnet\sdk\6.0.100\Extensions\Microsoft.TestPlatform.Extensions.EventLogCollector.dll
TpTrace Information: 0 : 22980, 1, 2021/12/02, 12:36:45.736, 7651933045629, vstest.console.dll, AssemblyResolver.OnResolve: Microsoft.TestPlatform.TestHostRuntimeProvider: Resolving assembly.
TpTrace Information: 0 : 22980, 1, 2021/12/02, 12:36:45.736, 7651933046571, vstest.console.dll, AssemblyResolver.OnResolve: Microsoft.TestPlatform.TestHostRuntimeProvider: Searching in: 'C:\Program Files\dotnet\sdk\6.0.100\Extensions'.
TpTrace Information: 0 : 22980, 1, 2021/12/02, 12:36:45.736, 7651933050373, vstest.console.dll, AssemblyResolver.OnResolve: Microsoft.TestPlatform.TestHostRuntimeProvider: Loading assembly 'C:\Program Files\dotnet\sdk\6.0.100\Extensions\Microsoft.TestPlatform.TestHostRuntimeProvider.dll'.
TpTrace Information: 0 : 22980, 1, 2021/12/02, 12:36:45.737, 7651933054712, vstest.console.dll, AssemblyResolver.OnResolve: Resolved assembly: Microsoft.TestPlatform.TestHostRuntimeProvider, from path: C:\Program Files\dotnet\sdk\6.0.100\Extensions\Microsoft.TestPlatform.TestHostRuntimeProvider.dll
TpTrace Information: 0 : 22980, 1, 2021/12/02, 12:36:45.738, 7651933064118, vstest.console.dll, AssemblyResolver.OnResolve: Microsoft.VisualStudio.TestPlatform.Extensions.Html.TestLogger: Resolving assembly.
TpTrace Information: 0 : 22980, 1, 2021/12/02, 12:36:45.738, 7651933064695, vstest.console.dll, AssemblyResolver.OnResolve: Microsoft.VisualStudio.TestPlatform.Extensions.Html.TestLogger: Searching in: 'C:\Program Files\dotnet\sdk\6.0.100\Extensions'.
TpTrace Information: 0 : 22980, 1, 2021/12/02, 12:36:45.738, 7651933068505, vstest.console.dll, AssemblyResolver.OnResolve: Microsoft.VisualStudio.TestPlatform.Extensions.Html.TestLogger: Loading assembly 'C:\Program Files\dotnet\sdk\6.0.100\Extensions\Microsoft.VisualStudio.TestPlatform.Extensions.Html.TestLogger.dll'.
TpTrace Information: 0 : 22980, 1, 2021/12/02, 12:36:45.739, 7651933073650, vstest.console.dll, AssemblyResolver.OnResolve: Resolved assembly: Microsoft.VisualStudio.TestPlatform.Extensions.Html.TestLogger, from path: C:\Program Files\dotnet\sdk\6.0.100\Extensions\Microsoft.VisualStudio.TestPlatform.Extensions.Html.TestLogger.dll
TpTrace Information: 0 : 22980, 1, 2021/12/02, 12:36:45.739, 7651933076394, vstest.console.dll, AssemblyResolver.OnResolve: Microsoft.VisualStudio.TestPlatform.Extensions.Trx.TestLogger: Resolving assembly.
TpTrace Information: 0 : 22980, 1, 2021/12/02, 12:36:45.739, 7651933076846, vstest.console.dll, AssemblyResolver.OnResolve: Microsoft.VisualStudio.TestPlatform.Extensions.Trx.TestLogger: Searching in: 'C:\Program Files\dotnet\sdk\6.0.100\Extensions'.
TpTrace Information: 0 : 22980, 1, 2021/12/02, 12:36:45.739, 7651933081075, vstest.console.dll, AssemblyResolver.OnResolve: Microsoft.VisualStudio.TestPlatform.Extensions.Trx.TestLogger: Loading assembly 'C:\Program Files\dotnet\sdk\6.0.100\Extensions\Microsoft.VisualStudio.TestPlatform.Extensions.Trx.TestLogger.dll'.
TpTrace Information: 0 : 22980, 1, 2021/12/02, 12:36:45.740, 7651933086532, vstest.console.dll, AssemblyResolver.OnResolve: Resolved assembly: Microsoft.VisualStudio.TestPlatform.Extensions.Trx.TestLogger, from path: C:\Program Files\dotnet\sdk\6.0.100\Extensions\Microsoft.VisualStudio.TestPlatform.Extensions.Trx.TestLogger.dll
TpTrace Verbose: 0 : 22980, 1, 2021/12/02, 12:36:45.740, 7651933091466, vstest.console.dll, TestPluginCache: Discovered the extensions using extension path ''.
TpTrace Verbose: 0 : 22980, 1, 2021/12/02, 12:36:45.740, 7651933092092, vstest.console.dll, TestPluginCache: Discoverers are ''.
TpTrace Verbose: 0 : 22980, 1, 2021/12/02, 12:36:45.740, 7651933092528, vstest.console.dll, TestPluginCache: Executors are ''.
TpTrace Verbose: 0 : 22980, 1, 2021/12/02, 12:36:45.740, 7651933092766, vstest.console.dll, TestPluginCache: Executors2 are ''.
TpTrace Verbose: 0 : 22980, 1, 2021/12/02, 12:36:45.740, 7651933092991, vstest.console.dll, TestPluginCache: Setting providers are ''.
TpTrace Verbose: 0 : 22980, 1, 2021/12/02, 12:36:45.740, 7651933093213, vstest.console.dll, TestPluginCache: Loggers are ''.
TpTrace Information: 0 : 22980, 1, 2021/12/02, 12:36:45.744, 7651933130436, vstest.console.dll, RunTestsArgumentProcessor:Execute: Test run is starting.
TpTrace Verbose: 0 : 22980, 1, 2021/12/02, 12:36:45.744, 7651933131229, vstest.console.dll, RunTestsArgumentProcessor:Execute: Queuing Test run.
TpTrace Information: 0 : 22980, 1, 2021/12/02, 12:36:45.744, 7651933132777, vstest.console.dll, TestRequestManager.RunTests: run tests started.
TpTrace Information: 0 : 22980, 1, 2021/12/02, 12:36:45.747, 7651933160589, vstest.console.dll, AssemblyMetadataProvider.GetFrameWork: Determined framework:'.NETCoreApp,Version=v6.0' for source: 'D:\Apresentacoes\MVP-Conf2021\MVPConf.ProjectOne\src\MVPConf.ProjectOne.Domain.Tests\bin\Debug\net6.0\fine-code-coverage\build-output\MVPConf.ProjectOne.Domain.Tests.dll'
TpTrace Information: 0 : 22980, 1, 2021/12/02, 12:36:45.747, 7651933161912, vstest.console.dll, Determined framework for all sources: .NETCoreApp,Version=v6.0
TpTrace Information: 0 : 22980, 1, 2021/12/02, 12:36:45.748, 7651933164838, vstest.console.dll, AssemblyMetadataProvider.GetArchitecture: Determined architecture:AnyCPU info for assembly: D:\Apresentacoes\MVP-Conf2021\MVPConf.ProjectOne\src\MVPConf.ProjectOne.Domain.Tests\bin\Debug\net6.0\fine-code-coverage\build-output\MVPConf.ProjectOne.Domain.Tests.dll
TpTrace Information: 0 : 22980, 1, 2021/12/02, 12:36:45.749, 7651933179370, vstest.console.dll, Determined platform for all sources: X64
TpTrace Information: 0 : 22980, 1, 2021/12/02, 12:36:45.751, 7651933200272, vstest.console.dll, Compatible sources list : 
TpTrace Information: 0 : 22980, 1, 2021/12/02, 12:36:45.751, 7651933201161, vstest.console.dll, D:\Apresentacoes\MVP-Conf2021\MVPConf.ProjectOne\src\MVPConf.ProjectOne.Domain.Tests\bin\Debug\net6.0\fine-code-coverage\build-output\MVPConf.ProjectOne.Domain.Tests.dll
TpTrace Information: 0 : 22980, 1, 2021/12/02, 12:36:45.753, 7651933220392, vstest.console.dll, InferRunSettingsHelper.IsTestSettingsEnabled: Unable to navigate to RunSettings/MSTest. Current node: RunSettings
TpTrace Information: 0 : 22980, 1, 2021/12/02, 12:36:45.754, 7651933225629, vstest.console.dll, AssemblyResolver.OnResolve: Microsoft.VisualStudio.TestPlatform.Fakes: Resolving assembly.
TpTrace Information: 0 : 22980, 1, 2021/12/02, 12:36:45.754, 7651933226138, vstest.console.dll, AssemblyResolver.OnResolve: Microsoft.VisualStudio.TestPlatform.Fakes: Searching in: 'C:\Program Files\dotnet\sdk\6.0.100\Extensions'.
TpTrace Information: 0 : 22980, 1, 2021/12/02, 12:36:45.754, 7651933226970, vstest.console.dll, AssemblyResolver.OnResolve: Microsoft.VisualStudio.TestPlatform.Fakes: Assembly path does not exist: 'C:\Program Files\dotnet\sdk\6.0.100\Extensions\Microsoft.VisualStudio.TestPlatform.Fakes.dll', returning.
TpTrace Information: 0 : 22980, 1, 2021/12/02, 12:36:45.754, 7651933227551, vstest.console.dll, AssemblyResolver.OnResolve: Microsoft.VisualStudio.TestPlatform.Fakes: Assembly path does not exist: 'C:\Program Files\dotnet\sdk\6.0.100\Extensions\Microsoft.VisualStudio.TestPlatform.Fakes.exe', returning.
TpTrace Information: 0 : 22980, 1, 2021/12/02, 12:36:45.754, 7651933227837, vstest.console.dll, AssemblyResolver.OnResolve: Microsoft.VisualStudio.TestPlatform.Fakes: Searching in: 'C:\Program Files\dotnet\sdk\6.0.100'.
TpTrace Information: 0 : 22980, 1, 2021/12/02, 12:36:45.754, 7651933228351, vstest.console.dll, AssemblyResolver.OnResolve: Microsoft.VisualStudio.TestPlatform.Fakes: Assembly path does not exist: 'C:\Program Files\dotnet\sdk\6.0.100\Microsoft.VisualStudio.TestPlatform.Fakes.dll', returning.
TpTrace Information: 0 : 22980, 1, 2021/12/02, 12:36:45.754, 7651933228840, vstest.console.dll, AssemblyResolver.OnResolve: Microsoft.VisualStudio.TestPlatform.Fakes: Assembly path does not exist: 'C:\Program Files\dotnet\sdk\6.0.100\Microsoft.VisualStudio.TestPlatform.Fakes.exe', returning.
TpTrace Information: 0 : 22980, 1, 2021/12/02, 12:36:45.754, 7651933229162, vstest.console.dll, AssemblyResolver.OnResolve: Microsoft.VisualStudio.TestPlatform.Fakes: Failed to load assembly.
TpTrace Information: 0 : 22980, 1, 2021/12/02, 12:36:45.754, 7651933231197, vstest.console.dll, Failed to load assembly Microsoft.VisualStudio.TestPlatform.Fakes, Version=17.0.0.0, Culture=neutral. Reason:System.IO.FileNotFoundException: Could not load file or assembly 'Microsoft.VisualStudio.TestPlatform.Fakes, Version=17.0.0.0, Culture=neutral, PublicKeyToken=null'. The system cannot find the file specified.
File name: 'Microsoft.VisualStudio.TestPlatform.Fakes, Version=17.0.0.0, Culture=neutral, PublicKeyToken=null'
   at System.Reflection.RuntimeAssembly.InternalLoad(ObjectHandleOnStack assemblyName, ObjectHandleOnStack requestingAssembly, StackCrawlMarkHandle stackMark, Boolean throwOnFileNotFound, ObjectHandleOnStack assemblyLoadContext, ObjectHandleOnStack retAssembly)
   at System.Reflection.RuntimeAssembly.InternalLoad(AssemblyName assemblyName, RuntimeAssembly requestingAssembly, StackCrawlMark& stackMark, Boolean throwOnFileNotFound, AssemblyLoadContext assemblyLoadContext)
   at System.Reflection.Assembly.Load(AssemblyName assemblyRef)
   at Microsoft.VisualStudio.TestPlatform.Common.Utilities.FakesUtilities.LoadTestPlatformAssembly()
TpTrace Verbose: 0 : 22980, 1, 2021/12/02, 12:36:45.757, 7651933261295, vstest.console.dll, TestPluginCache.DiscoverTestExtensions: finding test extensions in assemblies ends with: TestLogger.dll TPluginInfo: Microsoft.VisualStudio.TestPlatform.Common.ExtensionFramework.Utilities.TestLoggerPluginInformation TExtension: Microsoft.VisualStudio.TestPlatform.ObjectModel.Client.ITestLogger
TpTrace Verbose: 0 : 22980, 1, 2021/12/02, 12:36:45.757, 7651933262053, vstest.console.dll, TestPluginCache.GetExtensionPaths: Filtered extension paths: 
TpTrace Verbose: 0 : 22980, 1, 2021/12/02, 12:36:45.757, 7651933262408, vstest.console.dll, TestPluginCache.GetExtensionPaths: Added default extension paths: C:\Program Files\dotnet\sdk\6.0.100\Extensions\Microsoft.Diagnostics.NETCore.Client.dll
C:\Program Files\dotnet\sdk\6.0.100\Extensions\Microsoft.TestPlatform.Extensions.BlameDataCollector.dll
C:\Program Files\dotnet\sdk\6.0.100\Extensions\Microsoft.TestPlatform.Extensions.EventLogCollector.dll
C:\Program Files\dotnet\sdk\6.0.100\Extensions\Microsoft.TestPlatform.TestHostRuntimeProvider.dll
C:\Program Files\dotnet\sdk\6.0.100\Extensions\Microsoft.VisualStudio.TestPlatform.Extensions.Html.TestLogger.dll
C:\Program Files\dotnet\sdk\6.0.100\Extensions\Microsoft.VisualStudio.TestPlatform.Extensions.Trx.TestLogger.dll
TpTrace Verbose: 0 : 22980, 1, 2021/12/02, 12:36:45.757, 7651933262737, vstest.console.dll, TestPluginCache.GetExtensionPaths: Added unfilterableExtensionPaths: 
TpTrace Information: 0 : 22980, 1, 2021/12/02, 12:36:45.758, 7651933263780, vstest.console.dll, AssemblyResolver.AddSearchDirectories: Adding more searchDirectories C:\Program Files\dotnet\sdk\6.0.100\Extensions,C:\Program Files\dotnet\sdk\6.0.100
TpTrace Verbose: 0 : 22980, 1, 2021/12/02, 12:36:45.758, 7651933264224, vstest.console.dll, TestPluginCache.DiscoverTestExtensions: Discovering the extensions using extension path.
TpTrace Verbose: 0 : 22980, 1, 2021/12/02, 12:36:45.758, 7651933264544, vstest.console.dll, TestPluginCache.GetExtensionPaths: Filtered extension paths: 
TpTrace Verbose: 0 : 22980, 1, 2021/12/02, 12:36:45.758, 7651933264806, vstest.console.dll, TestPluginCache.GetExtensionPaths: Added default extension paths: C:\Program Files\dotnet\sdk\6.0.100\Extensions\Microsoft.Diagnostics.NETCore.Client.dll
C:\Program Files\dotnet\sdk\6.0.100\Extensions\Microsoft.TestPlatform.Extensions.BlameDataCollector.dll
C:\Program Files\dotnet\sdk\6.0.100\Extensions\Microsoft.TestPlatform.Extensions.EventLogCollector.dll
C:\Program Files\dotnet\sdk\6.0.100\Extensions\Microsoft.TestPlatform.TestHostRuntimeProvider.dll
C:\Program Files\dotnet\sdk\6.0.100\Extensions\Microsoft.VisualStudio.TestPlatform.Extensions.Html.TestLogger.dll
C:\Program Files\dotnet\sdk\6.0.100\Extensions\Microsoft.VisualStudio.TestPlatform.Extensions.Trx.TestLogger.dll
TpTrace Verbose: 0 : 22980, 1, 2021/12/02, 12:36:45.758, 7651933265119, vstest.console.dll, TestPluginCache.GetExtensionPaths: Added unfilterableExtensionPaths: 
TpTrace Verbose: 0 : 22980, 1, 2021/12/02, 12:36:45.758, 7651933265408, vstest.console.dll, TestPluginCache.DiscoverTestExtensions: Discovering the extensions using allExtensionPaths: C:\Program Files\dotnet\sdk\6.0.100\Extensions\Microsoft.Diagnostics.NETCore.Client.dll
C:\Program Files\dotnet\sdk\6.0.100\Extensions\Microsoft.TestPlatform.Extensions.BlameDataCollector.dll
C:\Program Files\dotnet\sdk\6.0.100\Extensions\Microsoft.TestPlatform.Extensions.EventLogCollector.dll
C:\Program Files\dotnet\sdk\6.0.100\Extensions\Microsoft.TestPlatform.TestHostRuntimeProvider.dll
C:\Program Files\dotnet\sdk\6.0.100\Extensions\Microsoft.VisualStudio.TestPlatform.Extensions.Html.TestLogger.dll
C:\Program Files\dotnet\sdk\6.0.100\Extensions\Microsoft.VisualStudio.TestPlatform.Extensions.Trx.TestLogger.dll
TpTrace Information: 0 : 22980, 1, 2021/12/02, 12:36:45.758, 7651933265905, vstest.console.dll, AssemblyResolver.AddSearchDirectories: Adding more searchDirectories C:\Program Files\dotnet\sdk\6.0.100\Extensions,C:\Program Files\dotnet\sdk\6.0.100
TpTrace Information: 0 : 22980, 1, 2021/12/02, 12:36:45.758, 7651933266222, vstest.console.dll, AssemblyResolver.AddSearchDirectories: Adding more searchDirectories C:\Program Files\dotnet\sdk\6.0.100\Extensions,C:\Program Files\dotnet\sdk\6.0.100
TpTrace Information: 0 : 22980, 1, 2021/12/02, 12:36:45.758, 7651933266488, vstest.console.dll, AssemblyResolver.AddSearchDirectories: Adding more searchDirectories C:\Program Files\dotnet\sdk\6.0.100\Extensions,C:\Program Files\dotnet\sdk\6.0.100
TpTrace Information: 0 : 22980, 1, 2021/12/02, 12:36:45.758, 7651933266820, vstest.console.dll, AssemblyResolver.AddSearchDirectories: Adding more searchDirectories C:\Program Files\dotnet\sdk\6.0.100\Extensions,C:\Program Files\dotnet\sdk\6.0.100
TpTrace Information: 0 : 22980, 1, 2021/12/02, 12:36:45.758, 7651933267088, vstest.console.dll, AssemblyResolver.AddSearchDirectories: Adding more searchDirectories C:\Program Files\dotnet\sdk\6.0.100\Extensions,C:\Program Files\dotnet\sdk\6.0.100
TpTrace Information: 0 : 22980, 1, 2021/12/02, 12:36:45.758, 7651933267348, vstest.console.dll, AssemblyResolver.AddSearchDirectories: Adding more searchDirectories C:\Program Files\dotnet\sdk\6.0.100\Extensions,C:\Program Files\dotnet\sdk\6.0.100
TpTrace Information: 0 : 22980, 1, 2021/12/02, 12:36:45.758, 7651933269205, vstest.console.dll, AssemblyResolver.OnResolve: Microsoft.Bcl.AsyncInterfaces: Resolving assembly.
TpTrace Information: 0 : 22980, 1, 2021/12/02, 12:36:45.758, 7651933269582, vstest.console.dll, AssemblyResolver.OnResolve: Microsoft.Bcl.AsyncInterfaces: Resolved from cache.
TpTrace Verbose: 0 : 22980, 1, 2021/12/02, 12:36:45.758, 7651933269897, vstest.console.dll, CurrentDomainAssemblyResolve: Resolving assembly 'Microsoft.Bcl.AsyncInterfaces'.
TpTrace Information: 0 : 22980, 1, 2021/12/02, 12:36:45.758, 7651933270283, vstest.console.dll, AssemblyResolver.OnResolve: Microsoft.Bcl.AsyncInterfaces: Resolving assembly.
TpTrace Information: 0 : 22980, 1, 2021/12/02, 12:36:45.758, 7651933270604, vstest.console.dll, AssemblyResolver.OnResolve: Microsoft.Bcl.AsyncInterfaces: Resolved from cache.
TpTrace Verbose: 0 : 22980, 1, 2021/12/02, 12:36:45.758, 7651933270869, vstest.console.dll, CurrentDomainAssemblyResolve: Resolving assembly 'Microsoft.Bcl.AsyncInterfaces'.
TpTrace Verbose: 0 : 22980, 1, 2021/12/02, 12:36:45.758, 7651933271117, vstest.console.dll, CurrentDomainAssemblyResolve: Failed to resolve assembly 'Microsoft.Bcl.AsyncInterfaces'.
TpTrace Verbose: 0 : 22980, 1, 2021/12/02, 12:36:45.758, 7651933272382, vstest.console.dll, CurrentDomainAssemblyResolve: Failed to resolve assembly 'Microsoft.Bcl.AsyncInterfaces'.
TpTrace Warning: 0 : 22980, 1, 2021/12/02, 12:36:45.759, 7651933275198, vstest.console.dll, TestPluginDiscoverer: Failed to get types from assembly 'Microsoft.Diagnostics.NETCore.Client, Version=0.2.4.21401, Culture=neutral, PublicKeyToken=31bf3856ad364e35'.  Skipping test extension scan for this assembly.  Error: System.Reflection.ReflectionTypeLoadException: Unable to load one or more of the requested types.
Could not load file or assembly 'Microsoft.Bcl.AsyncInterfaces, Version=1.0.0.0, Culture=neutral, PublicKeyToken=cc7b13ffcd2ddd51'. The system cannot find the file specified.
   at System.Reflection.RuntimeModule.GetTypes(RuntimeModule module)
   at System.Reflection.Assembly.GetTypes()
   at Microsoft.VisualStudio.TestPlatform.Common.ExtensionFramework.TestPluginDiscoverer.GetTestExtensionsFromAssembly[TPluginInfo,TExtension](Assembly assembly, Dictionary`2 pluginInfos)
System.IO.FileNotFoundException: Could not load file or assembly 'Microsoft.Bcl.AsyncInterfaces, Version=1.0.0.0, Culture=neutral, PublicKeyToken=cc7b13ffcd2ddd51'. The system cannot find the file specified.
File name: 'Microsoft.Bcl.AsyncInterfaces, Version=1.0.0.0, Culture=neutral, PublicKeyToken=cc7b13ffcd2ddd51'
 ---> System.IO.FileNotFoundException: Could not load file or assembly 'Microsoft.Bcl.AsyncInterfaces, Culture=neutral, PublicKeyToken=null'. The system cannot find the file specified.
File name: 'Microsoft.Bcl.AsyncInterfaces, Culture=neutral, PublicKeyToken=null'
   at System.Reflection.RuntimeAssembly.InternalLoad(ObjectHandleOnStack assemblyName, ObjectHandleOnStack requestingAssembly, StackCrawlMarkHandle stackMark, Boolean throwOnFileNotFound, ObjectHandleOnStack assemblyLoadContext, ObjectHandleOnStack retAssembly)
   at System.Reflection.RuntimeAssembly.InternalLoad(AssemblyName assemblyName, RuntimeAssembly requestingAssembly, StackCrawlMark& stackMark, Boolean throwOnFileNotFound, AssemblyLoadContext assemblyLoadContext)
   at System.Reflection.Assembly.Load(AssemblyName assemblyRef)
   at Microsoft.VisualStudio.TestPlatform.Common.ExtensionFramework.TestPluginCache.CurrentDomainAssemblyResolve(Object sender, AssemblyResolveEventArgs args)
   at Microsoft.VisualStudio.TestPlatform.PlatformAbstractions.PlatformAssemblyResolver.AssemblyResolverEvent(Object sender, Object eventArgs)
   at System.Runtime.Loader.AssemblyLoadContext.GetFirstResolvedAssemblyFromResolvingEvent(AssemblyName assemblyName)
   at System.Runtime.Loader.AssemblyLoadContext.ResolveUsingEvent(AssemblyName assemblyName)
   at System.Runtime.Loader.AssemblyLoadContext.ResolveUsingResolvingEvent(IntPtr gchManagedAssemblyLoadContext, AssemblyName assemblyName)
TpTrace Warning: 0 : 22980, 1, 2021/12/02, 12:36:45.759, 7651933276848, vstest.console.dll, LoaderExceptions: System.IO.FileNotFoundException: Could not load file or assembly 'Microsoft.Bcl.AsyncInterfaces, Version=1.0.0.0, Culture=neutral, PublicKeyToken=cc7b13ffcd2ddd51'. The system cannot find the file specified.
File name: 'Microsoft.Bcl.AsyncInterfaces, Version=1.0.0.0, Culture=neutral, PublicKeyToken=cc7b13ffcd2ddd51'
 ---> System.IO.FileNotFoundException: Could not load file or assembly 'Microsoft.Bcl.AsyncInterfaces, Culture=neutral, PublicKeyToken=null'. The system cannot find the file specified.
File name: 'Microsoft.Bcl.AsyncInterfaces, Culture=neutral, PublicKeyToken=null'
   at System.Reflection.RuntimeAssembly.InternalLoad(ObjectHandleOnStack assemblyName, ObjectHandleOnStack requestingAssembly, StackCrawlMarkHandle stackMark, Boolean throwOnFileNotFound, ObjectHandleOnStack assemblyLoadContext, ObjectHandleOnStack retAssembly)
   at System.Reflection.RuntimeAssembly.InternalLoad(AssemblyName assemblyName, RuntimeAssembly requestingAssembly, StackCrawlMark& stackMark, Boolean throwOnFileNotFound, AssemblyLoadContext assemblyLoadContext)
   at System.Reflection.Assembly.Load(AssemblyName assemblyRef)
   at Microsoft.VisualStudio.TestPlatform.Common.ExtensionFramework.TestPluginCache.CurrentDomainAssemblyResolve(Object sender, AssemblyResolveEventArgs args)
   at Microsoft.VisualStudio.TestPlatform.PlatformAbstractions.PlatformAssemblyResolver.AssemblyResolverEvent(Object sender, Object eventArgs)
   at System.Runtime.Loader.AssemblyLoadContext.GetFirstResolvedAssemblyFromResolvingEvent(AssemblyName assemblyName)
   at System.Runtime.Loader.AssemblyLoadContext.ResolveUsingEvent(AssemblyName assemblyName)
   at System.Runtime.Loader.AssemblyLoadContext.ResolveUsingResolvingEvent(IntPtr gchManagedAssemblyLoadContext, AssemblyName assemblyName)
TpTrace Verbose: 0 : 22980, 1, 2021/12/02, 12:36:45.759, 7651933279840, vstest.console.dll, TestPluginCache: Discovered the extensions using extension path ''.
TpTrace Verbose: 0 : 22980, 1, 2021/12/02, 12:36:45.759, 7651933280233, vstest.console.dll, TestPluginCache: Discoverers are ''.
TpTrace Verbose: 0 : 22980, 1, 2021/12/02, 12:36:45.759, 7651933280482, vstest.console.dll, TestPluginCache: Executors are ''.
TpTrace Verbose: 0 : 22980, 1, 2021/12/02, 12:36:45.759, 7651933280713, vstest.console.dll, TestPluginCache: Executors2 are ''.
TpTrace Verbose: 0 : 22980, 1, 2021/12/02, 12:36:45.759, 7651933280985, vstest.console.dll, TestPluginCache: Setting providers are ''.
TpTrace Verbose: 0 : 22980, 1, 2021/12/02, 12:36:45.759, 7651933281554, vstest.console.dll, TestPluginCache: Loggers are 'logger://Microsoft/TestPlatform/Extensions/Blame/v1,logger://Microsoft/TestPlatform/HtmlLogger/v1,logger://Microsoft/TestPlatform/TrxLogger/v1'.
TpTrace Information: 0 : 22980, 1, 2021/12/02, 12:36:45.760, 7651933286711, vstest.console.dll, TestPluginManager.CreateTestExtension: Attempting to load test extension: Microsoft.TestPlatform.Extensions.BlameDataCollector.BlameLogger
TpTrace Information: 0 : 22980, 1, 2021/12/02, 12:36:45.764, 7651933330421, vstest.console.dll, TestPluginManager.CreateTestExtension: Attempting to load test extension: Microsoft.VisualStudio.TestPlatform.CrossPlatEngine.Hosting.DefaultTestHostManager
TpTrace Information: 0 : 22980, 1, 2021/12/02, 12:36:45.764, 7651933333084, vstest.console.dll, TestPluginManager.CreateTestExtension: Attempting to load test extension: Microsoft.VisualStudio.TestPlatform.CrossPlatEngine.Hosting.DotnetTestHostManager
TpTrace Verbose: 0 : 22980, 1, 2021/12/02, 12:36:45.765, 7651933338001, vstest.console.dll, TestEngine: Initializing Parallel Execution as MaxCpuCount is set to: 1
TpTrace Information: 0 : 22980, 1, 2021/12/02, 12:36:45.765, 7651933342439, vstest.console.dll, InferRunSettingsHelper.IsTestSettingsEnabled: Unable to navigate to RunSettings/MSTest. Current node: RunSettings
TpTrace Verbose: 0 : 22980, 1, 2021/12/02, 12:36:45.775, 7651933440489, vstest.console.dll, TestRequestSender is acting as server
TpTrace Verbose: 0 : 22980, 5, 2021/12/02, 12:36:45.779, 7651933474921, vstest.console.dll, DataCollectionRequestSender.InitializeCommunication : Initialize communication. 
TpTrace Information: 0 : 22980, 5, 2021/12/02, 12:36:45.784, 7651933525233, vstest.console.dll, Listening on Endpoint : 127.0.0.1:59586
TpTrace Verbose: 0 : 22980, 5, 2021/12/02, 12:36:45.792, 7651933612201, vstest.console.dll, DotnetDataCollectionLauncher: Full path of dotnet.exe is C:\Program Files\dotnet\dotnet.exe
TpTrace Verbose: 0 : 22980, 5, 2021/12/02, 12:36:45.793, 7651933613618, vstest.console.dll, DotnetDataCollectionLauncher: Adding  --runtimeconfig "C:\Program Files\dotnet\sdk\6.0.100\datacollector.runtimeconfig.json" in args
TpTrace Verbose: 0 : 22980, 5, 2021/12/02, 12:36:45.793, 7651933614303, vstest.console.dll, DotnetDataCollectionLauncher: Adding  --depsfile "C:\Program Files\dotnet\sdk\6.0.100\datacollector.deps.json" in args
TpTrace Information: 0 : 22980, 5, 2021/12/02, 12:36:45.799, 7651933678642, vstest.console.dll, ProxyDataCollectionManager.Initialize: Launched datacollector processId: 19148 port: 59586
TpTrace Information: 0 : 22980, 5, 2021/12/02, 12:36:45.799, 7651933679769, vstest.console.dll, ProxyDataCollectionManager.Initialize: waiting for connection with timeout: 90 seconds
TpTrace Verbose: 0 : 22980, 5, 2021/12/02, 12:36:45.799, 7651933680240, vstest.console.dll, DataCollectionRequestSender.WaitForRequestHandlerConnection : Waiting for connection with timeout: 90000
TpTrace Information: 0 : 22980, 8, 2021/12/02, 12:36:45.894, 7651934632114, vstest.console.dll, Using the buffer size of 16384 bytes
TpTrace Verbose: 0 : 22980, 5, 2021/12/02, 12:36:45.894, 7651934632869, vstest.console.dll, ProxyDataCollectionManager.InvokeDataCollectionServiceAction: Starting.
TpTrace Information: 0 : 22980, 8, 2021/12/02, 12:36:45.894, 7651934632910, vstest.console.dll, Accepted Client request and set the flag
TpTrace Information: 0 : 22980, 5, 2021/12/02, 12:36:45.895, 7651934633757, vstest.console.dll, ProxyDataCollectionManager.BeforeTestRunStart: Get environment variable and port for datacollector processId: 19148 port: 59586
TpTrace Verbose: 0 : 22980, 5, 2021/12/02, 12:36:45.895, 7651934635519, vstest.console.dll, DataCollectionRequestSender.SendBeforeTestRunStartAndGetResult : Send BeforeTestRunStart message with settingsXml <RunSettings><RunConfiguration><ResultsDirectory>D:\Apresentacoes\MVP-Conf2021\MVPConf.ProjectOne\src\MVPConf.ProjectOne.Domain.Tests\bin\Debug\net6.0\fine-code-coverage\coverage-tool-output</ResultsDirectory><TargetPlatform>X64</TargetPlatform><TargetFrameworkVersion>.NETCoreApp,Version=v6.0</TargetFrameworkVersion><DesignMode>False</DesignMode><CollectSourceInformation>False</CollectSourceInformation><TestAdaptersPaths>C:\Program Files\dotnet\sdk\6.0.100\Extensions</TestAdaptersPaths></RunConfiguration><LoggerRunSettings><Loggers><Logger friendlyName="blame" enabled="True" /><Logger friendlyName="Console" uri="logger://microsoft/TestPlatform/ConsoleLogger/v1" assemblyQualifiedName="Microsoft.VisualStudio.TestPlatform.CommandLine.Internal.ConsoleLogger, vstest.console, Version=15.0.0.0, Culture=neutral, PublicKeyToken=b03f5f7f11d50a3a" codeBase="C:\Program Files\dotnet\sdk\6.0.100\vstest.console.dll" enabled="True" /></Loggers></LoggerRunSettings><DataCollectionRunSettings><DataCollectors><DataCollector friendlyName="blame" enabled="True"><Configuration><ResultsDirectory>D:\Apresentacoes\MVP-Conf2021\MVPConf.ProjectOne\src\MVPConf.ProjectOne.Domain.Tests\bin\Debug\net6.0\fine-code-coverage\coverage-tool-output</ResultsDirectory></Configuration></DataCollector></DataCollectors></DataCollectionRunSettings></RunSettings> and sources System.Linq.Enumerable+Concat2Iterator`1[System.String]: 
TpTrace Verbose: 0 : 22980, 5, 2021/12/02, 12:36:45.948, 7651935171487, vstest.console.dll, DataCollectionRequestSender.SendBeforeTestRunStartAndGetResult : Received message: (DataCollection.SendMessage) -> {
  "FriendlyName": null,
  "Uri": null,
  "TestCaseId": "00000000-0000-0000-0000-000000000000",
  "Message": "Logging DataCollector Diagnostics in file: D:\\Apresentacoes\\MVP-Conf2021\\MVPConf.ProjectOne\\src\\MVPConf.ProjectOne.Domain.Tests\\bin\\Debug\\net6.0\\fine-code-coverage\\coverage-tool-output\\diagnostics.datacollector.21-12-02_12-36-45_78935_5.log",
  "Level": 0
}
TpTrace Verbose: 0 : 22980, 5, 2021/12/02, 12:36:46.004, 7651935725995, vstest.console.dll, DataCollectionRequestSender.SendBeforeTestRunStartAndGetResult : Received message: (DataCollection.BeforeTestRunStartResult) -> {
  "EnvironmentVariables": {},
  "DataCollectionEventsPort": 59588
}
TpTrace Information: 0 : 22980, 5, 2021/12/02, 12:36:46.008, 7651935768516, vstest.console.dll, ProxyDataCollectionManager.BeforeTestRunStart: SendBeforeTestRunStartAndGetResult successful, env variable from datacollector:   and testhost port: 59588
TpTrace Information: 0 : 22980, 5, 2021/12/02, 12:36:46.008, 7651935769167, vstest.console.dll, ProxyDataCollectionManager.InvokeDataCollectionServiceAction: Completed.
TpTrace Verbose: 0 : 22980, 1, 2021/12/02, 12:36:46.008, 7651935770202, vstest.console.dll, TestRunRequest.ExecuteAsync: Creating test run request.
TpTrace Verbose: 0 : 22980, 1, 2021/12/02, 12:36:46.008, 7651935772386, vstest.console.dll, TestRunRequest.ExecuteAsync: Starting.
TpTrace Information: 0 : 22980, 1, 2021/12/02, 12:36:46.009, 7651935775103, vstest.console.dll, TestRunRequest.ExecuteAsync: Starting run with settings:TestRunCriteria:
   KeepAlive=False,FrequencyOfRunStatsChangeEvent=10,RunStatsChangeEventTimeout=00:00:01.5000000,TestCaseFilter=,TestExecutorLauncher=
   Settingsxml=<RunSettings>
  <RunConfiguration>
    <ResultsDirectory>D:\Apresentacoes\MVP-Conf2021\MVPConf.ProjectOne\src\MVPConf.ProjectOne.Domain.Tests\bin\Debug\net6.0\fine-code-coverage\coverage-tool-output</ResultsDirectory>
    <TargetPlatform>X64</TargetPlatform>
    <TargetFrameworkVersion>.NETCoreApp,Version=v6.0</TargetFrameworkVersion>
    <DesignMode>False</DesignMode>
    <CollectSourceInformation>False</CollectSourceInformation>
  </RunConfiguration>
  <LoggerRunSettings>
    <Loggers>
      <Logger friendlyName="blame" enabled="True" />
      <Logger friendlyName="Console" uri="logger://microsoft/TestPlatform/ConsoleLogger/v1" assemblyQualifiedName="Microsoft.VisualStudio.TestPlatform.CommandLine.Internal.ConsoleLogger, vstest.console, Version=15.0.0.0, Culture=neutral, PublicKeyToken=b03f5f7f11d50a3a" codeBase="C:\Program Files\dotnet\sdk\6.0.100\vstest.console.dll" enabled="True" />
    </Loggers>
  </LoggerRunSettings>
  <DataCollectionRunSettings>
    <DataCollectors>
      <DataCollector friendlyName="blame" enabled="True">
        <Configuration>
          <ResultsDirectory>D:\Apresentacoes\MVP-Conf2021\MVPConf.ProjectOne\src\MVPConf.ProjectOne.Domain.Tests\bin\Debug\net6.0\fine-code-coverage\coverage-tool-output</ResultsDirectory>
        </Configuration>
      </DataCollector>
    </DataCollectors>
  </DataCollectionRunSettings>
</RunSettings>

TpTrace Verbose: 0 : 22980, 1, 2021/12/02, 12:36:46.009, 7651935775626, vstest.console.dll, TestRunRequest.ExecuteAsync: Wait for the first run request is over.
TpTrace Verbose: 0 : 22980, 1, 2021/12/02, 12:36:46.009, 7651935778866, vstest.console.dll, ParallelProxyExecutionManager: Start execution. Total sources: 1
TpTrace Information: 0 : 22980, 1, 2021/12/02, 12:36:46.010, 7651935783576, vstest.console.dll, ProxyParallelExecutionManager: Triggering test run for next source: D:\Apresentacoes\MVP-Conf2021\MVPConf.ProjectOne\src\MVPConf.ProjectOne.Domain.Tests\bin\Debug\net6.0\fine-code-coverage\build-output\MVPConf.ProjectOne.Domain.Tests.dll
TpTrace Verbose: 0 : 22980, 5, 2021/12/02, 12:36:46.010, 7651935784892, vstest.console.dll, ParallelProxyExecutionManager: Execution started. Started clients: 1
TpTrace Verbose: 0 : 22980, 1, 2021/12/02, 12:36:46.010, 7651935785142, vstest.console.dll, ProxyParallelExecutionManager: No sources available for execution.
TpTrace Information: 0 : 22980, 1, 2021/12/02, 12:36:46.010, 7651935785651, vstest.console.dll, TestRunRequest.ExecuteAsync: Started.
TpTrace Verbose: 0 : 22980, 1, 2021/12/02, 12:36:46.010, 7651935786247, vstest.console.dll, TestRunRequest.WaitForCompletion: Waiting with timeout -1.
TpTrace Verbose: 0 : 22980, 5, 2021/12/02, 12:36:46.010, 7651935788127, vstest.console.dll, TestRunRequest:SendTestRunMessage: Starting.
TpTrace Information: 0 : 22980, 5, 2021/12/02, 12:36:46.010, 7651935789126, vstest.console.dll, TestRunRequest:SendTestRunMessage: Completed.
TpTrace Verbose: 0 : 22980, 5, 2021/12/02, 12:36:46.010, 7651935791335, vstest.console.dll, ProxyExecutionManager: Test host is always Lazy initialize.
TpTrace Verbose: 0 : 22980, 5, 2021/12/02, 12:36:46.011, 7651935793452, vstest.console.dll, TestRequestSender.InitializeCommunication: initialize communication. 
TpTrace Information: 0 : 22980, 5, 2021/12/02, 12:36:46.011, 7651935798281, vstest.console.dll, SocketServer.Start: Listening on endpoint : 127.0.0.1:59589
TpTrace Verbose: 0 : 22980, 5, 2021/12/02, 12:36:46.012, 7651935804199, vstest.console.dll, DotnetTestHostmanager: Adding  --runtimeconfig "D:\Apresentacoes\MVP-Conf2021\MVPConf.ProjectOne\src\MVPConf.ProjectOne.Domain.Tests\bin\Debug\net6.0\fine-code-coverage\build-output\MVPConf.ProjectOne.Domain.Tests.runtimeconfig.json" in args
TpTrace Verbose: 0 : 22980, 5, 2021/12/02, 12:36:46.012, 7651935805040, vstest.console.dll, DotnetTestHostmanager: Adding  --depsfile "D:\Apresentacoes\MVP-Conf2021\MVPConf.ProjectOne\src\MVPConf.ProjectOne.Domain.Tests\bin\Debug\net6.0\fine-code-coverage\build-output\MVPConf.ProjectOne.Domain.Tests.deps.json" in args
TpTrace Verbose: 0 : 22980, 5, 2021/12/02, 12:36:46.012, 7651935806654, vstest.console.dll, DotnetTestHostManager: Testhost.exe/testhost.x86.exe found at path: D:\Apresentacoes\MVP-Conf2021\MVPConf.ProjectOne\src\MVPConf.ProjectOne.Domain.Tests\bin\Debug\net6.0\fine-code-coverage\build-output\testhost.exe
TpTrace Verbose: 0 : 22980, 5, 2021/12/02, 12:36:46.012, 7651935807122, vstest.console.dll, DotnetTestHostmanager: Full path of host exe is D:\Apresentacoes\MVP-Conf2021\MVPConf.ProjectOne\src\MVPConf.ProjectOne.Domain.Tests\bin\Debug\net6.0\fine-code-coverage\build-output\testhost.exe
TpTrace Verbose: 0 : 22980, 7, 2021/12/02, 12:36:46.013, 7651935814567, vstest.console.dll, DotnetTestHostManager: Starting process 'D:\Apresentacoes\MVP-Conf2021\MVPConf.ProjectOne\src\MVPConf.ProjectOne.Domain.Tests\bin\Debug\net6.0\fine-code-coverage\build-output\testhost.exe' with command line ' --runtimeconfig "D:\Apresentacoes\MVP-Conf2021\MVPConf.ProjectOne\src\MVPConf.ProjectOne.Domain.Tests\bin\Debug\net6.0\fine-code-coverage\build-output\MVPConf.ProjectOne.Domain.Tests.runtimeconfig.json" --depsfile "D:\Apresentacoes\MVP-Conf2021\MVPConf.ProjectOne\src\MVPConf.ProjectOne.Domain.Tests\bin\Debug\net6.0\fine-code-coverage\build-output\MVPConf.ProjectOne.Domain.Tests.deps.json" --port 59589 --endpoint 127.0.0.1:059589 --role client --parentprocessid 22980 --diag "D:\Apresentacoes\MVP-Conf2021\MVPConf.ProjectOne\src\MVPConf.ProjectOne.Domain.Tests\bin\Debug\net6.0\fine-code-coverage\coverage-tool-output\diagnostics.host.21-12-02_12-36-46_01176_5.log" --tracelevel 4 --datacollectionport 59588 --telemetryoptedin false'
TpTrace Verbose: 0 : 22980, 7, 2021/12/02, 12:36:46.016, 7651935849562, vstest.console.dll, Test Runtime launched
TpTrace Verbose: 0 : 22980, 5, 2021/12/02, 12:36:46.017, 7651935854444, vstest.console.dll, TestRequestSender.WaitForRequestHandlerConnection: waiting for connection with timeout: 90000
TpTrace Verbose: 0 : 22980, 7, 2021/12/02, 12:36:46.130, 7651936983414, vstest.console.dll, SocketServer.OnClientConnected: Client connected for endPoint: 127.0.0.1:59589, starting MessageLoopAsync:
TpTrace Verbose: 0 : 22980, 14, 2021/12/02, 12:36:46.130, 7651936986264, vstest.console.dll, TcpClientExtensions.MessageLoopAsync: Polling on remoteEndPoint: 127.0.0.1:59590 localEndPoint: 127.0.0.1:59589
TpTrace Verbose: 0 : 22980, 14, 2021/12/02, 12:36:46.249, 7651938177166, vstest.console.dll, TcpClientExtensions.MessageLoopAsync: NotifyDataAvailable remoteEndPoint: 127.0.0.1:59590 localEndPoint: 127.0.0.1:59589
TpTrace Verbose: 0 : 22980, 14, 2021/12/02, 12:36:46.249, 7651938179076, vstest.console.dll, TestRequestSender.CheckVersionWithTestHost: onMessageReceived received message: (ProtocolVersion) -> 5
TpTrace Verbose: 0 : 22980, 14, 2021/12/02, 12:36:46.249, 7651938181645, vstest.console.dll, TcpClientExtensions.MessageLoopAsync: Polling on remoteEndPoint: 127.0.0.1:59590 localEndPoint: 127.0.0.1:59589
TpTrace Verbose: 0 : 22980, 5, 2021/12/02, 12:36:46.249, 7651938182631, vstest.console.dll, TestPluginCache.GetExtensionPaths: Filtered extension paths: 
TpTrace Verbose: 0 : 22980, 5, 2021/12/02, 12:36:46.249, 7651938183189, vstest.console.dll, TestPluginCache.GetExtensionPaths: Added default extension paths: C:\Program Files\dotnet\sdk\6.0.100\Extensions\Microsoft.Diagnostics.NETCore.Client.dll
C:\Program Files\dotnet\sdk\6.0.100\Extensions\Microsoft.TestPlatform.Extensions.BlameDataCollector.dll
C:\Program Files\dotnet\sdk\6.0.100\Extensions\Microsoft.TestPlatform.Extensions.EventLogCollector.dll
C:\Program Files\dotnet\sdk\6.0.100\Extensions\Microsoft.TestPlatform.TestHostRuntimeProvider.dll
C:\Program Files\dotnet\sdk\6.0.100\Extensions\Microsoft.VisualStudio.TestPlatform.Extensions.Html.TestLogger.dll
C:\Program Files\dotnet\sdk\6.0.100\Extensions\Microsoft.VisualStudio.TestPlatform.Extensions.Trx.TestLogger.dll
TpTrace Verbose: 0 : 22980, 5, 2021/12/02, 12:36:46.250, 7651938183509, vstest.console.dll, TestPluginCache.GetExtensionPaths: Added unfilterableExtensionPaths: 
TpTrace Verbose: 0 : 22980, 5, 2021/12/02, 12:36:46.252, 7651938207535, vstest.console.dll, TestRequestSender.InitializeExecution: Sending initializing execution with message: {"Version":5,"MessageType":"TestExecution.Initialize","Payload":["D:\\Apresentacoes\\MVP-Conf2021\\MVPConf.ProjectOne\\src\\MVPConf.ProjectOne.Domain.Tests\\bin\\Debug\\net6.0\\fine-code-coverage\\build-output\\xunit.runner.visualstudio.dotnetcore.testadapter.dll"]}
TpTrace Verbose: 0 : 22980, 14, 2021/12/02, 12:36:46.257, 7651938261088, vstest.console.dll, TcpClientExtensions.MessageLoopAsync: NotifyDataAvailable remoteEndPoint: 127.0.0.1:59590 localEndPoint: 127.0.0.1:59589
TpTrace Verbose: 0 : 22980, 14, 2021/12/02, 12:36:46.257, 7651938262449, vstest.console.dll, TestRequestSender.OnExecutionMessageReceived: Received message: {"Version":5,"MessageType":"TestSession.Message","Payload":{"MessageLevel":0,"Message":"Logging TestHost Diagnostics in file: D:\\Apresentacoes\\MVP-Conf2021\\MVPConf.ProjectOne\\src\\MVPConf.ProjectOne.Domain.Tests\\bin\\Debug\\net6.0\\fine-code-coverage\\coverage-tool-output\\diagnostics.host.21-12-02_12-36-46_01176_5.log"}}
TpTrace Verbose: 0 : 22980, 5, 2021/12/02, 12:36:46.258, 7651938272756, vstest.console.dll, TestRequestSender.StartTestRun: Sending test run with message: {"Version":5,"MessageType":"TestExecution.StartWithSources","Payload":{"AdapterSourceMap":{"_none_":["D:\\Apresentacoes\\MVP-Conf2021\\MVPConf.ProjectOne\\src\\MVPConf.ProjectOne.Domain.Tests\\bin\\Debug\\net6.0\\fine-code-coverage\\build-output\\MVPConf.ProjectOne.Domain.Tests.dll"]},"RunSettings":"<RunSettings>\r\n  <RunConfiguration>\r\n    <ResultsDirectory>D:\\Apresentacoes\\MVP-Conf2021\\MVPConf.ProjectOne\\src\\MVPConf.ProjectOne.Domain.Tests\\bin\\Debug\\net6.0\\fine-code-coverage\\coverage-tool-output</ResultsDirectory>\r\n    <TargetPlatform>X64</TargetPlatform>\r\n    <TargetFrameworkVersion>.NETCoreApp,Version=v6.0</TargetFrameworkVersion>\r\n    <DesignMode>False</DesignMode>\r\n    <CollectSourceInformation>False</CollectSourceInformation>\r\n  </RunConfiguration>\r\n  <LoggerRunSettings>\r\n    <Loggers>\r\n      <Logger friendlyName=\"blame\" enabled=\"True\" />\r\n      <Logger friendlyName=\"Console\" uri=\"logger://microsoft/TestPlatform/ConsoleLogger/v1\" assemblyQualifiedName=\"Microsoft.VisualStudio.TestPlatform.CommandLine.Internal.ConsoleLogger, vstest.console, Version=15.0.0.0, Culture=neutral, PublicKeyToken=b03f5f7f11d50a3a\" codeBase=\"C:\\Program Files\\dotnet\\sdk\\6.0.100\\vstest.console.dll\" enabled=\"True\" />\r\n    </Loggers>\r\n  </LoggerRunSettings>\r\n  <DataCollectionRunSettings>\r\n    <DataCollectors>\r\n      <DataCollector friendlyName=\"blame\" enabled=\"True\">\r\n        <Configuration>\r\n          <ResultsDirectory>D:\\Apresentacoes\\MVP-Conf2021\\MVPConf.ProjectOne\\src\\MVPConf.ProjectOne.Domain.Tests\\bin\\Debug\\net6.0\\fine-code-coverage\\coverage-tool-output</ResultsDirectory>\r\n        </Configuration>\r\n      </DataCollector>\r\n    </DataCollectors>\r\n  </DataCollectionRunSettings>\r\n</RunSettings>","TestExecutionContext":{"FrequencyOfRunStatsChangeEvent":10,"RunStatsChangeEventTimeout":"00:00:01.5000000","InIsolation":false,"KeepAlive":false,"AreTestCaseLevelEventsRequired":false,"IsDebug":false,"TestCaseFilter":null,"FilterOptions":null},"Package":null}}
TpTrace Verbose: 0 : 22980, 14, 2021/12/02, 12:36:46.259, 7651938275584, vstest.console.dll, TestRunRequest:SendTestRunMessage: Starting.
TpTrace Information: 0 : 22980, 14, 2021/12/02, 12:36:46.259, 7651938276248, vstest.console.dll, TestRunRequest:SendTestRunMessage: Completed.
TpTrace Verbose: 0 : 22980, 14, 2021/12/02, 12:36:46.259, 7651938276566, vstest.console.dll, TcpClientExtensions.MessageLoopAsync: Polling on remoteEndPoint: 127.0.0.1:59590 localEndPoint: 127.0.0.1:59589
TpTrace Verbose: 0 : 22980, 14, 2021/12/02, 12:36:46.392, 7651939603538, vstest.console.dll, TcpClientExtensions.MessageLoopAsync: NotifyDataAvailable remoteEndPoint: 127.0.0.1:59590 localEndPoint: 127.0.0.1:59589
TpTrace Verbose: 0 : 22980, 14, 2021/12/02, 12:36:46.392, 7651939604861, vstest.console.dll, TestRequestSender.OnExecutionMessageReceived: Received message: {"Version":5,"MessageType":"TestSession.Message","Payload":{"MessageLevel":0,"Message":"[xUnit.net 00:00:00.00] xUnit.net VSTest Adapter v2.4.3+1b45f5407b (64-bit .NET 6.0.0-rtm.21522.10)"}}
TpTrace Verbose: 0 : 22980, 14, 2021/12/02, 12:36:46.392, 7651939606914, vstest.console.dll, TestRunRequest:SendTestRunMessage: Starting.
TpTrace Information: 0 : 22980, 14, 2021/12/02, 12:36:46.392, 7651939607525, vstest.console.dll, TestRunRequest:SendTestRunMessage: Completed.
TpTrace Verbose: 0 : 22980, 14, 2021/12/02, 12:36:46.392, 7651939607851, vstest.console.dll, TcpClientExtensions.MessageLoopAsync: Polling on remoteEndPoint: 127.0.0.1:59590 localEndPoint: 127.0.0.1:59589
TpTrace Verbose: 0 : 22980, 14, 2021/12/02, 12:36:46.724, 7651942929925, vstest.console.dll, TcpClientExtensions.MessageLoopAsync: NotifyDataAvailable remoteEndPoint: 127.0.0.1:59590 localEndPoint: 127.0.0.1:59589
TpTrace Verbose: 0 : 22980, 14, 2021/12/02, 12:36:46.724, 7651942931003, vstest.console.dll, TestRequestSender.OnExecutionMessageReceived: Received message: {"Version":5,"MessageType":"TestSession.Message","Payload":{"MessageLevel":0,"Message":"[xUnit.net 00:00:00.33]   Discovering: MVPConf.ProjectOne.Domain.Tests"}}
TpTrace Verbose: 0 : 22980, 14, 2021/12/02, 12:36:46.725, 7651942933526, vstest.console.dll, TestRunRequest:SendTestRunMessage: Starting.
TpTrace Information: 0 : 22980, 14, 2021/12/02, 12:36:46.725, 7651942934138, vstest.console.dll, TestRunRequest:SendTestRunMessage: Completed.
TpTrace Verbose: 0 : 22980, 14, 2021/12/02, 12:36:46.725, 7651942934474, vstest.console.dll, TcpClientExtensions.MessageLoopAsync: Polling on remoteEndPoint: 127.0.0.1:59590 localEndPoint: 127.0.0.1:59589
TpTrace Verbose: 0 : 22980, 14, 2021/12/02, 12:36:46.754, 7651943229120, vstest.console.dll, TcpClientExtensions.MessageLoopAsync: NotifyDataAvailable remoteEndPoint: 127.0.0.1:59590 localEndPoint: 127.0.0.1:59589
TpTrace Verbose: 0 : 22980, 14, 2021/12/02, 12:36:46.754, 7651943230247, vstest.console.dll, TestRequestSender.OnExecutionMessageReceived: Received message: {"Version":5,"MessageType":"TestSession.Message","Payload":{"MessageLevel":0,"Message":"[xUnit.net 00:00:00.36]   Discovered:  MVPConf.ProjectOne.Domain.Tests"}}
TpTrace Verbose: 0 : 22980, 14, 2021/12/02, 12:36:46.754, 7651943231844, vstest.console.dll, TestRunRequest:SendTestRunMessage: Starting.
TpTrace Information: 0 : 22980, 14, 2021/12/02, 12:36:46.754, 7651943232374, vstest.console.dll, TestRunRequest:SendTestRunMessage: Completed.
TpTrace Verbose: 0 : 22980, 14, 2021/12/02, 12:36:46.754, 7651943232674, vstest.console.dll, TcpClientExtensions.MessageLoopAsync: Polling on remoteEndPoint: 127.0.0.1:59590 localEndPoint: 127.0.0.1:59589
TpTrace Verbose: 0 : 22980, 14, 2021/12/02, 12:36:46.756, 7651943247576, vstest.console.dll, TcpClientExtensions.MessageLoopAsync: NotifyDataAvailable remoteEndPoint: 127.0.0.1:59590 localEndPoint: 127.0.0.1:59589
TpTrace Verbose: 0 : 22980, 14, 2021/12/02, 12:36:46.756, 7651943248278, vstest.console.dll, TestRequestSender.OnExecutionMessageReceived: Received message: {"Version":5,"MessageType":"TestSession.Message","Payload":{"MessageLevel":0,"Message":"[xUnit.net 00:00:00.37]   Starting:    MVPConf.ProjectOne.Domain.Tests"}}
TpTrace Verbose: 0 : 22980, 14, 2021/12/02, 12:36:46.756, 7651943249306, vstest.console.dll, TestRunRequest:SendTestRunMessage: Starting.
TpTrace Information: 0 : 22980, 14, 2021/12/02, 12:36:46.756, 7651943249755, vstest.console.dll, TestRunRequest:SendTestRunMessage: Completed.
TpTrace Verbose: 0 : 22980, 14, 2021/12/02, 12:36:46.756, 7651943250080, vstest.console.dll, TcpClientExtensions.MessageLoopAsync: Polling on remoteEndPoint: 127.0.0.1:59590 localEndPoint: 127.0.0.1:59589
TpTrace Verbose: 0 : 22980, 14, 2021/12/02, 12:36:46.829, 7651943982332, vstest.console.dll, TcpClientExtensions.MessageLoopAsync: NotifyDataAvailable remoteEndPoint: 127.0.0.1:59590 localEndPoint: 127.0.0.1:59589
TpTrace Verbose: 0 : 22980, 14, 2021/12/02, 12:36:46.830, 7651943983577, vstest.console.dll, TestRequestSender.OnExecutionMessageReceived: Received message: {"Version":5,"MessageType":"TestSession.Message","Payload":{"MessageLevel":0,"Message":"[xUnit.net 00:00:00.44]   Finished:    MVPConf.ProjectOne.Domain.Tests"}}
TpTrace Verbose: 0 : 22980, 14, 2021/12/02, 12:36:46.830, 7651943985282, vstest.console.dll, TestRunRequest:SendTestRunMessage: Starting.
TpTrace Information: 0 : 22980, 14, 2021/12/02, 12:36:46.830, 7651943986146, vstest.console.dll, TestRunRequest:SendTestRunMessage: Completed.
TpTrace Verbose: 0 : 22980, 14, 2021/12/02, 12:36:46.830, 7651943986856, vstest.console.dll, TcpClientExtensions.MessageLoopAsync: Polling on remoteEndPoint: 127.0.0.1:59590 localEndPoint: 127.0.0.1:59589
TpTrace Verbose: 0 : 22980, 14, 2021/12/02, 12:36:46.864, 7651944329060, vstest.console.dll, TcpClientExtensions.MessageLoopAsync: NotifyDataAvailable remoteEndPoint: 127.0.0.1:59590 localEndPoint: 127.0.0.1:59589
TpTrace Verbose: 0 : 22980, 14, 2021/12/02, 12:36:46.864, 7651944330491, vstest.console.dll, TestRequestSender.OnExecutionMessageReceived: Received message: {"Version":5,"MessageType":"TestExecution.Completed","Payload":{"TestRunCompleteArgs":{"TestRunStatistics":{"ExecutedTests":2,"Stats":{"Passed":2}},"IsCanceled":false,"IsAborted":false,"Error":null,"AttachmentSets":[],"ElapsedTimeInRunningTests":"00:00:00.4531585","Metrics":{}},"LastRunTests":{"NewTestResults":[{"TestCase":{"Id":"f32715dd-251b-215e-f662-cf9f151ef3ff","FullyQualifiedName":"MVPConf.ProjectOne.Domain.Test.PersonTest.Test2","DisplayName":"MVPConf.ProjectOne.Domain.Test.PersonTest.Test2","ExecutorUri":"executor://xunit/VsTestRunner2/netcoreapp","Source":"D:\\Apresentacoes\\MVP-Conf2021\\MVPConf.ProjectOne\\src\\MVPConf.ProjectOne.Domain.Tests\\bin\\Debug\\net6.0\\fine-code-coverage\\build-output\\MVPConf.ProjectOne.Domain.Tests.dll","CodeFilePath":null,"LineNumber":0,"Properties":[]},"Attachments":[],"Outcome":1,"ErrorMessage":null,"ErrorStackTrace":null,"DisplayName":"MVPConf.ProjectOne.Domain.Test.PersonTest.Test2","Messages":[],"ComputerName":"FELIPE-G7","Duration":"00:00:00.0024654","StartTime":"2021-12-02T15:36:46.8132443+00:00","EndTime":"2021-12-02T15:36:46.813264+00:00","Properties":[]},{"TestCase":{"Id":"7e08e4c8-16ac-ab16-774d-6d34f3a24071","FullyQualifiedName":"MVPConf.ProjectOne.Domain.Test.PersonTest.Test1","DisplayName":"MVPConf.ProjectOne.Domain.Test.PersonTest.Test1","ExecutorUri":"executor://xunit/VsTestRunner2/netcoreapp","Source":"D:\\Apresentacoes\\MVP-Conf2021\\MVPConf.ProjectOne\\src\\MVPConf.ProjectOne.Domain.Tests\\bin\\Debug\\net6.0\\fine-code-coverage\\build-output\\MVPConf.ProjectOne.Domain.Tests.dll","CodeFilePath":null,"LineNumber":0,"Properties":[]},"Attachments":[],"Outcome":1,"ErrorMessage":null,"ErrorStackTrace":null,"DisplayName":"MVPConf.ProjectOne.Domain.Test.PersonTest.Test1","Messages":[],"ComputerName":"FELIPE-G7","Duration":"00:00:00.0023554","StartTime":"2021-12-02T15:36:46.8277072+00:00","EndTime":"2021-12-02T15:36:46.8277072+00:00","Properties":[]}],"TestRunStatistics":{"ExecutedTests":2,"Stats":{"Passed":2}},"ActiveTests":[]},"RunAttachments":[],"ExecutorUris":["executor://xunit/VsTestRunner2/netcoreapp"]}}
TpTrace Verbose: 0 : 22980, 14, 2021/12/02, 12:36:46.866, 7651944347288, vstest.console.dll, TestRequestSender.EndSession: Sending end session.
TpTrace Verbose: 0 : 22980, 14, 2021/12/02, 12:36:46.866, 7651944348813, vstest.console.dll, ProxyOperationManager.Close: waiting for test host to exit for 100 ms
TpTrace Warning: 0 : 22980, 13, 2021/12/02, 12:36:46.884, 7651944529553, vstest.console.dll, TestHostManagerCallbacks.ErrorReceivedCallback Test host standard error line: 
TpTrace Verbose: 0 : 22980, 8, 2021/12/02, 12:36:46.892, 7651944607160, vstest.console.dll, TestHostProvider.ExitCallBack: Host exited starting callback.
TpTrace Information: 0 : 22980, 8, 2021/12/02, 12:36:46.892, 7651944611361, vstest.console.dll, TestHostManagerCallbacks.ExitCallBack: Testhost processId: 23584 exited with exitcode: 0 error: ''
TpTrace Verbose: 0 : 22980, 8, 2021/12/02, 12:36:46.892, 7651944611932, vstest.console.dll, DotnetTestHostManager.OnHostExited: invoking OnHostExited callback
TpTrace Verbose: 0 : 22980, 8, 2021/12/02, 12:36:46.892, 7651944612724, vstest.console.dll, CrossPlatEngine.TestHostManagerHostExited: calling on client process exit callback.
TpTrace Information: 0 : 22980, 8, 2021/12/02, 12:36:46.893, 7651944613330, vstest.console.dll, TestRequestSender.OnClientProcessExit: Test host process exited. Standard error: 
TpTrace Information: 0 : 22980, 8, 2021/12/02, 12:36:46.893, 7651944613716, vstest.console.dll, SocketServer.Stop: Stop server endPoint: 127.0.0.1:59589
TpTrace Information: 0 : 22980, 8, 2021/12/02, 12:36:46.893, 7651944613979, vstest.console.dll, SocketServer.Stop: Cancellation requested. Stopping message loop.
TpTrace Warning: 0 : 22980, 14, 2021/12/02, 12:36:46.893, 7651944613777, vstest.console.dll, ProxyOperationManager: Timed out waiting for test host to exit. Will terminate process.
TpTrace Verbose: 0 : 22980, 14, 2021/12/02, 12:36:46.893, 7651944617736, vstest.console.dll, ProxyDataCollectionManager.InvokeDataCollectionServiceAction: Starting.
TpTrace Information: 0 : 22980, 14, 2021/12/02, 12:36:46.893, 7651944618189, vstest.console.dll, ProxyDataCollectionManager.AfterTestRunEnd: Get attachment set for datacollector processId: 19148 port: 59586
TpTrace Verbose: 0 : 22980, 14, 2021/12/02, 12:36:46.893, 7651944618633, vstest.console.dll, DataCollectionRequestSender.SendAfterTestRunStartAndGetResult : Send AfterTestRunEnd message with isCancelled: False
TpTrace Verbose: 0 : 22980, 14, 2021/12/02, 12:36:46.896, 7651944649527, vstest.console.dll, DataCollectionRequestSender.SendAfterTestRunStartAndGetResult : Received message: (DataCollection.AfterTestRunEndResult) -> {
  "AttachmentSets": [],
  "Metrics": {}
}
TpTrace Warning: 0 : 22980, 10, 2021/12/02, 12:36:46.902, 7651944709653, vstest.console.dll, DataCollectionLauncher.ErrorReceivedCallback datacollector standard error line: 
TpTrace Information: 0 : 22980, 14, 2021/12/02, 12:36:46.902, 7651944712537, vstest.console.dll, ProxyDataCollectionManager.InvokeDataCollectionServiceAction: Completed.
TpTrace Information: 0 : 22980, 8, 2021/12/02, 12:36:46.903, 7651944719142, vstest.console.dll, DataCollectionLauncher.ExitCallBack: Data collector exited with exitcode: 0 error: ''
TpTrace Verbose: 0 : 22980, 14, 2021/12/02, 12:36:46.937, 7651945058236, vstest.console.dll, TestRunRequest:SendTestRunStatsChange: Starting.
TpTrace Information: 0 : 22980, 14, 2021/12/02, 12:36:46.937, 7651945060035, vstest.console.dll, TestRunRequest:SendTestRunStatsChange: Completed.
TpTrace Verbose: 0 : 22980, 14, 2021/12/02, 12:36:46.937, 7651945061305, vstest.console.dll, ParallelProxyExecutionManager: HandlePartialRunComplete: Total completed clients = 1, Run complete = True, Run canceled: False.
TpTrace Verbose: 0 : 22980, 14, 2021/12/02, 12:36:46.952, 7651945210703, vstest.console.dll, TestRunRequest:TestRunComplete: Starting. IsAborted:False IsCanceled:False.
TpTrace Verbose: 0 : 22980, 14, 2021/12/02, 12:36:46.952, 7651945212131, vstest.console.dll, TestLoggerManager.HandleTestRunComplete: Ignoring as the object is disposed.
TpTrace Information: 0 : 22980, 14, 2021/12/02, 12:36:46.953, 7651945214190, vstest.console.dll, TestRunRequest:TestRunComplete: Completed.
TpTrace Verbose: 0 : 22980, 14, 2021/12/02, 12:36:46.953, 7651945214647, vstest.console.dll, TestRequestSender.SetOperationComplete: Setting operation complete.
TpTrace Verbose: 0 : 22980, 1, 2021/12/02, 12:36:46.953, 7651945214829, vstest.console.dll, TestRunRequest.Dispose: Starting.
TpTrace Information: 0 : 22980, 1, 2021/12/02, 12:36:46.953, 7651945215477, vstest.console.dll, TestRunRequest.Dispose: Completed.
TpTrace Information: 0 : 22980, 14, 2021/12/02, 12:36:46.953, 7651945214979, vstest.console.dll, SocketServer.Stop: Stop server endPoint: 127.0.0.1:59589
TpTrace Information: 0 : 22980, 1, 2021/12/02, 12:36:46.953, 7651945215888, vstest.console.dll, TestRequestManager.RunTests: run tests completed.
TpTrace Information: 0 : 22980, 14, 2021/12/02, 12:36:46.953, 7651945216258, vstest.console.dll, SocketServer.Stop: Cancellation requested. Stopping message loop.
TpTrace Information: 0 : 22980, 1, 2021/12/02, 12:36:46.953, 7651945217042, vstest.console.dll, RunTestsArgumentProcessor:Execute: Test run is completed.
TpTrace Information: 0 : 22980, 14, 2021/12/02, 12:36:46.953, 7651945218102, vstest.console.dll, SocketServer.PrivateStop: Stopping server endPoint: 127.0.0.1:59589 error: 
TpTrace Verbose: 0 : 22980, 1, 2021/12/02, 12:36:46.953, 7651945219566, vstest.console.dll, Executor.Execute: Exiting with exit code of 0
TpTrace Verbose: 0 : 22980, 14, 2021/12/02, 12:36:46.953, 7651945222283, vstest.console.dll, LengthPrefixCommunicationChannel.Dispose: Dispose reader and writer.
TpTrace Information: 0 : 22980, 14, 2021/12/02, 12:36:46.953, 7651945223167, vstest.console.dll, SocketServer.Stop: Raise disconnected event endPoint: 127.0.0.1:59589 error: 
