<?xml version="1.0" encoding="utf-8"?>
<coverage line-rate="0.8571" branch-rate="1" version="1.9" timestamp="1638459407" lines-covered="6" lines-valid="7" branches-covered="2" branches-valid="2">
  <sources>
    <source>D:\</source>
    <source>C:\</source>
  </sources>
  <packages>
    <package name="MVPConf.ProjectOne.Domain" line-rate="1" branch-rate="1" complexity="2">
      <classes>
        <class name="MVPConf.ProjectOne.Domain.PersonService" filename="Apresentacoes\MVP-Conf2021\MVPConf.ProjectOne\src\MVPConf.ProjectOne.Domain\Person.cs" line-rate="1" branch-rate="1" complexity="2">
          <methods>
            <method name="AddPerson" signature="(MVPConf.ProjectOne.Domain.Person)" line-rate="1" branch-rate="1" complexity="2">
              <lines>
                <line number="12" hits="2" branch="False" />
                <line number="13" hits="2" branch="True" condition-coverage="100% (2/2)">
                  <conditions>
                    <condition number="19" type="jump" coverage="100%" />
                  </conditions>
                </line>
                <line number="14" hits="1" branch="False" />
                <line number="16" hits="1" branch="False" />
                <line number="17" hits="1" branch="False" />
                <line number="18" hits="2" branch="False" />
              </lines>
            </method>
          </methods>
          <lines>
            <line number="12" hits="2" branch="False" />
            <line number="13" hits="2" branch="True" condition-coverage="100% (2/2)">
              <conditions>
                <condition number="19" type="jump" coverage="100%" />
              </conditions>
            </line>
            <line number="14" hits="1" branch="False" />
            <line number="16" hits="1" branch="False" />
            <line number="17" hits="1" branch="False" />
            <line number="18" hits="2" branch="False" />
          </lines>
        </class>
      </classes>
    </package>
    <package name="MVPConf.ProjectOne.Domain.Tests" line-rate="0" branch-rate="1" complexity="1">
      <classes>
        <class name="AutoGeneratedProgram" filename="Users\Felipe\.nuget\packages\microsoft.net.test.sdk\16.11.0\build\netcoreapp2.1\Microsoft.NET.Test.Sdk.Program.cs" line-rate="0" branch-rate="1" complexity="1">
          <methods>
            <method name="Main" signature="(System.String[])" line-rate="0" branch-rate="1" complexity="1">
              <lines>
                <line number="4" hits="0" branch="False" />
              </lines>
            </method>
          </methods>
          <lines>
            <line number="4" hits="0" branch="False" />
          </lines>
        </class>
      </classes>
    </package>
  </packages>
</coverage>